E:\GITHUB\GAMEENGINE\PROJECTS\OPENGLTUTORIAL\OPENGLTUTORIAL\DEBUG\DISPLAY.OBJ
E:\GITHUB\GAMEENGINE\PROJECTS\OPENGLTUTORIAL\OPENGLTUTORIAL\DEBUG\MAIN.OBJ
E:\GITHUB\GAMEENGINE\PROJECTS\OPENGLTUTORIAL\OPENGLTUTORIAL\DEBUG\VC110.PDB
E:\GITHUB\GAMEENGINE\PROJECTS\OPENGLTUTORIAL\DEBUG\OPENGLTUTORIAL.ILK
E:\GITHUB\GAMEENGINE\PROJECTS\OPENGLTUTORIAL\DEBUG\OPENGLTUTORIAL.EXE
E:\GITHUB\GAMEENGINE\PROJECTS\OPENGLTUTORIAL\DEBUG\OPENGLTUTORIAL.PDB
E:\GitHub\GameEngine\projects\OpenGLTutorial\OpenGLTutorial\Debug\display.obj
E:\GitHub\GameEngine\projects\OpenGLTutorial\OpenGLTutorial\Debug\main.obj
E:\GitHub\GameEngine\projects\OpenGLTutorial\OpenGLTutorial\Debug\cl.command.1.tlog
E:\GitHub\GameEngine\projects\OpenGLTutorial\OpenGLTutorial\Debug\CL.read.1.tlog
E:\GitHub\GameEngine\projects\OpenGLTutorial\OpenGLTutorial\Debug\CL.write.1.tlog
E:\GitHub\GameEngine\projects\OpenGLTutorial\OpenGLTutorial\Debug\link-cvtres.read.1.tlog
E:\GitHub\GameEngine\projects\OpenGLTutorial\OpenGLTutorial\Debug\link-cvtres.write.1.tlog
E:\GitHub\GameEngine\projects\OpenGLTutorial\OpenGLTutorial\Debug\link-rc.read.1.tlog
E:\GitHub\GameEngine\projects\OpenGLTutorial\OpenGLTutorial\Debug\link-rc.write.1.tlog
E:\GitHub\GameEngine\projects\OpenGLTutorial\OpenGLTutorial\Debug\link.command.1.tlog
E:\GitHub\GameEngine\projects\OpenGLTutorial\OpenGLTutorial\Debug\link.read.1.tlog
E:\GitHub\GameEngine\projects\OpenGLTutorial\OpenGLTutorial\Debug\link.write.1.tlog
E:\GitHub\GameEngine\projects\OpenGLTutorial\OpenGLTutorial\Debug\vc110.idb
E:\GitHub\GameEngine\projects\OpenGLTutorial\OpenGLTutorial\Debug\vc110.pdb
E:\GitHub\GameEngine\projects\OpenGLTutorial\Debug\OpenGLTutorial.pdb
E:\GitHub\GameEngine\projects\OpenGLTutorial\Debug\OpenGLTutorial.exe
E:\GitHub\GameEngine\projects\OpenGLTutorial\Debug\OpenGLTutorial.ilk
